# JRE version: OpenJDK Runtime Environment (8.0_202) (build 1.8.0_202-release-1483-b49-5587405)
# Java VM: OpenJDK 64-Bit Server VM (25.202-b49-5587405 mixed mode linux-amd64 compressed oops)
Heap:
 PSYoungGen      total 133632K, used 6721K [0x00000000d6f80000, 0x00000000dfa80000, 0x0000000100000000)
  eden space 125952K, 0% used [0x00000000d6f80000,0x00000000d6f80000,0x00000000dea80000)
  from space 7680K, 87% used [0x00000000dea80000,0x00000000df1105e0,0x00000000df200000)
  to   space 6656K, 0% used [0x00000000df200000,0x00000000df200000,0x00000000df880000)
 ParOldGen       total 84992K, used 5043K [0x0000000084e00000, 0x000000008a100000, 0x00000000d6f80000)
  object space 84992K, 5% used [0x0000000084e00000,0x00000000852ecf10,0x000000008a100000)
 Metaspace       used 14432K, capacity 14660K, committed 14976K, reserved 1062912K
  class space    used 1757K, capacity 1852K, committed 1920K, reserved 1048576K
GC Heap History (10 events):
Event: 2.050 GC heap after
Heap after GC invocations=2 (full 0):
 PSYoungGen      total 36864K, used 4902K [0x00000000d6f80000, 0x00000000db780000, 0x0000000100000000)
  eden space 31744K, 0% used [0x00000000d6f80000,0x00000000d6f80000,0x00000000d8e80000)
  from space 5120K, 95% used [0x00000000d9380000,0x00000000d9849b98,0x00000000d9880000)
  to   space 5120K, 0% used [0x00000000d8e80000,0x00000000d8e80000,0x00000000d9380000)
 ParOldGen       total 84992K, used 8K [0x0000000084e00000, 0x000000008a100000, 0x00000000d6f80000)
  object space 84992K, 0% used [0x0000000084e00000,0x0000000084e02000,0x000000008a100000)
 Metaspace       used 8256K, capacity 8492K, committed 8704K, reserved 1056768K
  class space    used 915K, capacity 1016K, committed 1024K, reserved 1048576K
}
Event: 2.367 GC heap before
{Heap before GC invocations=3 (full 0):
 PSYoungGen      total 36864K, used 36646K [0x00000000d6f80000, 0x00000000db780000, 0x0000000100000000)
  eden space 31744K, 100% used [0x00000000d6f80000,0x00000000d8e80000,0x00000000d8e80000)
  from space 5120K, 95% used [0x00000000d9380000,0x00000000d9849b98,0x00000000d9880000)
  to   space 5120K, 0% used [0x00000000d8e80000,0x00000000d8e80000,0x00000000d9380000)
 ParOldGen       total 84992K, used 8K [0x0000000084e00000, 0x000000008a100000, 0x00000000d6f80000)
  object space 84992K, 0% used [0x0000000084e00000,0x0000000084e02000,0x000000008a100000)
 Metaspace       used 8492K, capacity 8684K, committed 8704K, reserved 1056768K
  class space    used 918K, capacity 1016K, committed 1024K, reserved 1048576K
Event: 2.377 GC heap after
Heap after GC invocations=3 (full 0):
 PSYoungGen      total 36864K, used 5097K [0x00000000d6f80000, 0x00000000db780000, 0x0000000100000000)
  eden space 31744K, 0% used [0x00000000d6f80000,0x00000000d6f80000,0x00000000d8e80000)
  from space 5120K, 99% used [0x00000000d8e80000,0x00000000d937a4c8,0x00000000d9380000)
  to   space 5120K, 0% used [0x00000000db280000,0x00000000db280000,0x00000000db780000)
 ParOldGen       total 84992K, used 980K [0x0000000084e00000, 0x000000008a100000, 0x00000000d6f80000)
  object space 84992K, 1% used [0x0000000084e00000,0x0000000084ef5110,0x000000008a100000)
 Metaspace       used 8492K, capacity 8684K, committed 8704K, reserved 1056768K
  class space    used 918K, capacity 1016K, committed 1024K, reserved 1048576K
}
Event: 2.630 GC heap before
{Heap before GC invocations=4 (full 0):
 PSYoungGen      total 36864K, used 36841K [0x00000000d6f80000, 0x00000000db780000, 0x0000000100000000)
  eden space 31744K, 100% used [0x00000000d6f80000,0x00000000d8e80000,0x00000000d8e80000)
  from space 5120K, 99% used [0x00000000d8e80000,0x00000000d937a4c8,0x00000000d9380000)
  to   space 5120K, 0% used [0x00000000db280000,0x00000000db280000,0x00000000db780000)
 ParOldGen       total 84992K, used 980K [0x0000000084e00000, 0x000000008a100000, 0x00000000d6f80000)
  object space 84992K, 1% used [0x0000000084e00000,0x0000000084ef5110,0x000000008a100000)
 Metaspace       used 8631K, capacity 8812K, committed 8960K, reserved 1056768K
  class space    used 921K, capacity 1016K, committed 1024K, reserved 1048576K
Event: 2.636 GC heap after
Heap after GC invocations=4 (full 0):
 PSYoungGen      total 68608K, used 5102K [0x00000000d6f80000, 0x00000000db780000, 0x0000000100000000)
  eden space 63488K, 0% used [0x00000000d6f80000,0x00000000d6f80000,0x00000000dad80000)
  from space 5120K, 99% used [0x00000000db280000,0x00000000db77b818,0x00000000db780000)
  to   space 5120K, 0% used [0x00000000dad80000,0x00000000dad80000,0x00000000db280000)
 ParOldGen       total 84992K, used 1220K [0x0000000084e00000, 0x000000008a100000, 0x00000000d6f80000)
  object space 84992K, 1% used [0x0000000084e00000,0x0000000084f31110,0x000000008a100000)
 Metaspace       used 8631K, capacity 8812K, committed 8960K, reserved 1056768K
  class space    used 921K, capacity 1016K, committed 1024K, reserved 1048576K
}
Event: 2.965 GC heap before
{Heap before GC invocations=5 (full 0):
 PSYoungGen      total 68608K, used 68590K [0x00000000d6f80000, 0x00000000db780000, 0x0000000100000000)
  eden space 63488K, 100% used [0x00000000d6f80000,0x00000000dad80000,0x00000000dad80000)
  from space 5120K, 99% used [0x00000000db280000,0x00000000db77b818,0x00000000db780000)
  to   space 5120K, 0% used [0x00000000dad80000,0x00000000dad80000,0x00000000db280000)
 ParOldGen       total 84992K, used 1220K [0x0000000084e00000, 0x000000008a100000, 0x00000000d6f80000)
  object space 84992K, 1% used [0x0000000084e00000,0x0000000084f31110,0x000000008a100000)
 Metaspace       used 8939K, capacity 9228K, committed 9344K, reserved 1056768K
  class space    used 961K, capacity 1048K, committed 1152K, reserved 1048576K
Event: 2.976 GC heap after
Heap after GC invocations=5 (full 0):
 PSYoungGen      total 68608K, used 4880K [0x00000000d6f80000, 0x00000000df880000, 0x0000000100000000)
  eden space 63488K, 0% used [0x00000000d6f80000,0x00000000d6f80000,0x00000000dad80000)
  from space 5120K, 95% used [0x00000000dad80000,0x00000000db244010,0x00000000db280000)
  to   space 6656K, 0% used [0x00000000df200000,0x00000000df200000,0x00000000df880000)
 ParOldGen       total 84992K, used 1228K [0x0000000084e00000, 0x000000008a100000, 0x00000000d6f80000)
  object space 84992K, 1% used [0x0000000084e00000,0x0000000084f33110,0x000000008a100000)
 Metaspace       used 8939K, capacity 9228K, committed 9344K, reserved 1056768K
  class space    used 961K, capacity 1048K, committed 1152K, reserved 1048576K
}
Event: 3.281 GC heap before
{Heap before GC invocations=6 (full 0):
 PSYoungGen      total 68608K, used 68368K [0x00000000d6f80000, 0x00000000df880000, 0x0000000100000000)
  eden space 63488K, 100% used [0x00000000d6f80000,0x00000000dad80000,0x00000000dad80000)
  from space 5120K, 95% used [0x00000000dad80000,0x00000000db244010,0x00000000db280000)
  to   space 6656K, 0% used [0x00000000df200000,0x00000000df200000,0x00000000df880000)
 ParOldGen       total 84992K, used 1228K [0x0000000084e00000, 0x000000008a100000, 0x00000000d6f80000)
  object space 84992K, 1% used [0x0000000084e00000,0x0000000084f33110,0x000000008a100000)
 Metaspace       used 11488K, capacity 11684K, committed 11904K, reserved 1060864K
  class space    used 1216K, capacity 1308K, committed 1408K, reserved 1048576K
Event: 3.300 GC heap after
Heap after GC invocations=6 (full 0):
 PSYoungGen      total 132608K, used 6643K [0x00000000d6f80000, 0x00000000dfa80000, 0x0000000100000000)
  eden space 125952K, 0% used [0x00000000d6f80000,0x00000000d6f80000,0x00000000dea80000)
  from space 6656K, 99% used [0x00000000df200000,0x00000000df87cfc0,0x00000000df880000)
  to   space 7680K, 0% used [0x00000000dea80000,0x00000000dea80000,0x00000000df200000)
 ParOldGen       total 84992K, used 2204K [0x0000000084e00000, 0x000000008a100000, 0x00000000d6f80000)
  object space 84992K, 2% used [0x0000000084e00000,0x00000000850272f8,0x000000008a100000)
 Metaspace       used 11488K, capacity 11684K, committed 11904K, reserved 1060864K
  class space    used 1216K, capacity 1308K, committed 1408K, reserved 1048576K
}
Event: 12.764 GC heap before
{Heap before GC invocations=7 (full 0):
 PSYoungGen      total 132608K, used 132595K [0x00000000d6f80000, 0x00000000dfa80000, 0x0000000100000000)
  eden space 125952K, 100% used [0x00000000d6f80000,0x00000000dea80000,0x00000000dea80000)
  from space 6656K, 99% used [0x00000000df200000,0x00000000df87cfc0,0x00000000df880000)
  to   space 7680K, 0% used [0x00000000dea80000,0x00000000dea80000,0x00000000df200000)
 ParOldGen       total 84992K, used 2204K [0x0000000084e00000, 0x000000008a100000, 0x00000000d6f80000)
  object space 84992K, 2% used [0x0000000084e00000,0x00000000850272f8,0x000000008a100000)
 Metaspace       used 14432K, capacity 14660K, committed 14976K, reserved 1062912K
  class space    used 1757K, capacity 1852K, committed 1920K, reserved 1048576K

