# JRE version: OpenJDK Runtime Environment (8.0_202) (build 1.8.0_202-release-1483-b49-5587405)
# Java VM: OpenJDK 64-Bit Server VM (25.202-b49-5587405 mixed mode linux-amd64 compressed oops)
Heap:
 PSYoungGen      total 133632K, used 6763K [0x00000000d6f80000, 0x00000000dfb80000, 0x0000000100000000)
  eden space 125440K, 0% used [0x00000000d6f80000,0x00000000d6f80000,0x00000000dea00000)
  from space 8192K, 82% used [0x00000000dea00000,0x00000000df09ac18,0x00000000df200000)
  to   space 6656K, 0% used [0x00000000df200000,0x00000000df200000,0x00000000df880000)
 ParOldGen       total 84992K, used 5312K [0x0000000084e00000, 0x000000008a100000, 0x00000000d6f80000)
  object space 84992K, 6% used [0x0000000084e00000,0x0000000085330160,0x000000008a100000)
 Metaspace       used 14417K, capacity 14596K, committed 14720K, reserved 1062912K
  class space    used 1745K, capacity 1852K, committed 1920K, reserved 1048576K
GC Heap History (10 events):
Event: 1.839 GC heap after
Heap after GC invocations=2 (full 0):
 PSYoungGen      total 36864K, used 4916K [0x00000000d6f80000, 0x00000000d9880000, 0x0000000100000000)
  eden space 31744K, 0% used [0x00000000d6f80000,0x00000000d6f80000,0x00000000d8e80000)
  from space 5120K, 96% used [0x00000000d9380000,0x00000000d984d3f8,0x00000000d9880000)
  to   space 5120K, 0% used [0x00000000d8e80000,0x00000000d8e80000,0x00000000d9380000)
 ParOldGen       total 84992K, used 16K [0x0000000084e00000, 0x000000008a100000, 0x00000000d6f80000)
  object space 84992K, 0% used [0x0000000084e00000,0x0000000084e04000,0x000000008a100000)
 Metaspace       used 8031K, capacity 8268K, committed 8448K, reserved 1056768K
  class space    used 877K, capacity 984K, committed 1024K, reserved 1048576K
}
Event: 2.131 GC heap before
{Heap before GC invocations=3 (full 0):
 PSYoungGen      total 36864K, used 36660K [0x00000000d6f80000, 0x00000000d9880000, 0x0000000100000000)
  eden space 31744K, 100% used [0x00000000d6f80000,0x00000000d8e80000,0x00000000d8e80000)
  from space 5120K, 96% used [0x00000000d9380000,0x00000000d984d3f8,0x00000000d9880000)
  to   space 5120K, 0% used [0x00000000d8e80000,0x00000000d8e80000,0x00000000d9380000)
 ParOldGen       total 84992K, used 16K [0x0000000084e00000, 0x000000008a100000, 0x00000000d6f80000)
  object space 84992K, 0% used [0x0000000084e00000,0x0000000084e04000,0x000000008a100000)
 Metaspace       used 8255K, capacity 8460K, committed 8704K, reserved 1056768K
  class space    used 880K, capacity 984K, committed 1024K, reserved 1048576K
Event: 2.139 GC heap after
Heap after GC invocations=3 (full 0):
 PSYoungGen      total 36864K, used 5111K [0x00000000d6f80000, 0x00000000db780000, 0x0000000100000000)
  eden space 31744K, 0% used [0x00000000d6f80000,0x00000000d6f80000,0x00000000d8e80000)
  from space 5120K, 99% used [0x00000000d8e80000,0x00000000d937df80,0x00000000d9380000)
  to   space 5120K, 0% used [0x00000000db280000,0x00000000db280000,0x00000000db780000)
 ParOldGen       total 84992K, used 995K [0x0000000084e00000, 0x000000008a100000, 0x00000000d6f80000)
  object space 84992K, 1% used [0x0000000084e00000,0x0000000084ef8f18,0x000000008a100000)
 Metaspace       used 8255K, capacity 8460K, committed 8704K, reserved 1056768K
  class space    used 880K, capacity 984K, committed 1024K, reserved 1048576K
}
Event: 2.380 GC heap before
{Heap before GC invocations=4 (full 0):
 PSYoungGen      total 36864K, used 36855K [0x00000000d6f80000, 0x00000000db780000, 0x0000000100000000)
  eden space 31744K, 100% used [0x00000000d6f80000,0x00000000d8e80000,0x00000000d8e80000)
  from space 5120K, 99% used [0x00000000d8e80000,0x00000000d937df80,0x00000000d9380000)
  to   space 5120K, 0% used [0x00000000db280000,0x00000000db280000,0x00000000db780000)
 ParOldGen       total 84992K, used 995K [0x0000000084e00000, 0x000000008a100000, 0x00000000d6f80000)
  object space 84992K, 1% used [0x0000000084e00000,0x0000000084ef8f18,0x000000008a100000)
 Metaspace       used 8402K, capacity 8588K, committed 8704K, reserved 1056768K
  class space    used 882K, capacity 984K, committed 1024K, reserved 1048576K
Event: 2.397 GC heap after
Heap after GC invocations=4 (full 0):
 PSYoungGen      total 68608K, used 5109K [0x00000000d6f80000, 0x00000000db780000, 0x0000000100000000)
  eden space 63488K, 0% used [0x00000000d6f80000,0x00000000d6f80000,0x00000000dad80000)
  from space 5120K, 99% used [0x00000000db280000,0x00000000db77d788,0x00000000db780000)
  to   space 5120K, 0% used [0x00000000dad80000,0x00000000dad80000,0x00000000db280000)
 ParOldGen       total 84992K, used 1451K [0x0000000084e00000, 0x000000008a100000, 0x00000000d6f80000)
  object space 84992K, 1% used [0x0000000084e00000,0x0000000084f6af18,0x000000008a100000)
 Metaspace       used 8402K, capacity 8588K, committed 8704K, reserved 1056768K
  class space    used 882K, capacity 984K, committed 1024K, reserved 1048576K
}
Event: 2.773 GC heap before
{Heap before GC invocations=5 (full 0):
 PSYoungGen      total 68608K, used 68597K [0x00000000d6f80000, 0x00000000db780000, 0x0000000100000000)
  eden space 63488K, 100% used [0x00000000d6f80000,0x00000000dad80000,0x00000000dad80000)
  from space 5120K, 99% used [0x00000000db280000,0x00000000db77d788,0x00000000db780000)
  to   space 5120K, 0% used [0x00000000dad80000,0x00000000dad80000,0x00000000db280000)
 ParOldGen       total 84992K, used 1451K [0x0000000084e00000, 0x000000008a100000, 0x00000000d6f80000)
  object space 84992K, 1% used [0x0000000084e00000,0x0000000084f6af18,0x000000008a100000)
 Metaspace       used 8704K, capacity 9004K, committed 9216K, reserved 1056768K
  class space    used 923K, capacity 1016K, committed 1024K, reserved 1048576K
Event: 2.780 GC heap after
Heap after GC invocations=5 (full 0):
 PSYoungGen      total 68608K, used 4903K [0x00000000d6f80000, 0x00000000df880000, 0x0000000100000000)
  eden space 63488K, 0% used [0x00000000d6f80000,0x00000000d6f80000,0x00000000dad80000)
  from space 5120K, 95% used [0x00000000dad80000,0x00000000db249f90,0x00000000db280000)
  to   space 6656K, 0% used [0x00000000df200000,0x00000000df200000,0x00000000df880000)
 ParOldGen       total 84992K, used 1459K [0x0000000084e00000, 0x000000008a100000, 0x00000000d6f80000)
  object space 84992K, 1% used [0x0000000084e00000,0x0000000084f6cf18,0x000000008a100000)
 Metaspace       used 8704K, capacity 9004K, committed 9216K, reserved 1056768K
  class space    used 923K, capacity 1016K, committed 1024K, reserved 1048576K
}
Event: 3.270 GC heap before
{Heap before GC invocations=6 (full 0):
 PSYoungGen      total 68608K, used 68391K [0x00000000d6f80000, 0x00000000df880000, 0x0000000100000000)
  eden space 63488K, 100% used [0x00000000d6f80000,0x00000000dad80000,0x00000000dad80000)
  from space 5120K, 95% used [0x00000000dad80000,0x00000000db249f90,0x00000000db280000)
  to   space 6656K, 0% used [0x00000000df200000,0x00000000df200000,0x00000000df880000)
 ParOldGen       total 84992K, used 1459K [0x0000000084e00000, 0x000000008a100000, 0x00000000d6f80000)
  object space 84992K, 1% used [0x0000000084e00000,0x0000000084f6cf18,0x000000008a100000)
 Metaspace       used 11503K, capacity 11716K, committed 11776K, reserved 1060864K
  class space    used 1201K, capacity 1276K, committed 1280K, reserved 1048576K
Event: 3.282 GC heap after
Heap after GC invocations=6 (full 0):
 PSYoungGen      total 132096K, used 6642K [0x00000000d6f80000, 0x00000000dfb80000, 0x0000000100000000)
  eden space 125440K, 0% used [0x00000000d6f80000,0x00000000d6f80000,0x00000000dea00000)
  from space 6656K, 99% used [0x00000000df200000,0x00000000df87cb90,0x00000000df880000)
  to   space 8192K, 0% used [0x00000000dea00000,0x00000000dea00000,0x00000000df200000)
 ParOldGen       total 84992K, used 2505K [0x0000000084e00000, 0x000000008a100000, 0x00000000d6f80000)
  object space 84992K, 2% used [0x0000000084e00000,0x0000000085072568,0x000000008a100000)
 Metaspace       used 11503K, capacity 11716K, committed 11776K, reserved 1060864K
  class space    used 1201K, capacity 1276K, committed 1280K, reserved 1048576K
}
Event: 3.818 GC heap before
{Heap before GC invocations=7 (full 0):
 PSYoungGen      total 132096K, used 132082K [0x00000000d6f80000, 0x00000000dfb80000, 0x0000000100000000)
  eden space 125440K, 100% used [0x00000000d6f80000,0x00000000dea00000,0x00000000dea00000)
  from space 6656K, 99% used [0x00000000df200000,0x00000000df87cb90,0x00000000df880000)
  to   space 8192K, 0% used [0x00000000dea00000,0x00000000dea00000,0x00000000df200000)
 ParOldGen       total 84992K, used 2505K [0x0000000084e00000, 0x000000008a100000, 0x00000000d6f80000)
  object space 84992K, 2% used [0x0000000084e00000,0x0000000085072568,0x000000008a100000)
 Metaspace       used 14417K, capacity 14596K, committed 14720K, reserved 1062912K
  class space    used 1745K, capacity 1852K, committed 1920K, reserved 1048576K

